<?xml version="1.0" encoding="UTF-8"?>
<!-- Generated by org.testng.reporters.JUnitReportReporter -->
<testsuite hostname="lnhua" name="tests.TC_SearchLocationID" tests="7" failures="0" timestamp="4 Sep 2019 07:01:31 GMT" time="51.556" errors="0">
  <testcase name="createJsonFileSQPage" time="5.998" classname="tests.TC_SearchLocationID"/>
  <testcase name="verifySingleAddress" time="3.013" classname="tests.TC_SearchLocationID"/>
  <testcase name="gotoWeb" time="11.930" classname="tests.TC_SearchLocationID"/>
  <testcase name="loginSuccess" time="1.163" classname="tests.TC_SearchLocationID"/>
  <testcase name="seeSearchTbox" time="0.023" classname="tests.TC_SearchLocationID"/>
  <testcase name="navigateToBox" time="0.177" classname="tests.TC_SearchLocationID"/>
  <testcase name="searchLocationID" time="29.252" classname="tests.TC_SearchLocationID"/>
</testsuite> <!-- tests.TC_SearchLocationID -->
