<?xml version="1.0" encoding="UTF-8"?>
<!-- Generated by org.testng.reporters.JUnitReportReporter -->
<testsuite hostname="lnhua" name="tests.TC_HomePage" tests="12" failures="0" timestamp="3 Sep 2019 10:51:19 GMT" time="29.223" errors="0">
  <testcase name="navigateToBox" time="1.755" classname="tests.TC_HomePage"/>
  <testcase name="seeBox" time="0.027" classname="tests.TC_HomePage"/>
  <testcase name="seeBox" time="0.030" classname="tests.TC_HomePage"/>
  <testcase name="navigateToBox" time="1.761" classname="tests.TC_HomePage"/>
  <testcase name="seeBox" time="0.027" classname="tests.TC_HomePage"/>
  <testcase name="seeBox" time="0.029" classname="tests.TC_HomePage"/>
  <testcase name="seeBox" time="0.028" classname="tests.TC_HomePage"/>
  <testcase name="gotoWeb" time="19.203" classname="tests.TC_HomePage"/>
  <testcase name="navigateToBox" time="1.740" classname="tests.TC_HomePage"/>
  <testcase name="navigateToBox" time="1.914" classname="tests.TC_HomePage"/>
  <testcase name="loginSuccess" time="0.967" classname="tests.TC_HomePage"/>
  <testcase name="navigateToBox" time="1.742" classname="tests.TC_HomePage"/>
</testsuite> <!-- tests.TC_HomePage -->
