<?xml version="1.0" encoding="UTF-8"?>
<!-- Generated by org.testng.reporters.JUnitReportReporter -->
<testsuite hostname="lnhua" name="tests.TC_LoginSuccess" tests="2" failures="0" timestamp="3 Sep 2019 10:15:14 GMT" time="6.843" errors="0">
  <testcase name="gotoWeb" time="5.944" classname="tests.TC_LoginSuccess"/>
  <testcase name="loginSuccess" time="0.899" classname="tests.TC_LoginSuccess"/>
</testsuite> <!-- tests.TC_LoginSuccess -->
