<?xml version="1.0" encoding="UTF-8"?>
<!-- Generated by org.testng.reporters.JUnitReportReporter -->
<testsuite hostname="lnhua" name="tests.TC_SQPage" tests="5" failures="0" timestamp="3 Sep 2019 11:09:56 GMT" time="64.069" errors="0">
  <testcase name="seeSearchTbox" time="0.027" classname="tests.TC_SQPage"/>
  <testcase name="gotoWeb" time="6.434" classname="tests.TC_SQPage"/>
  <testcase name="navigateToBox" time="0.074" classname="tests.TC_SQPage"/>
  <testcase name="searchLocationID" time="56.619" classname="tests.TC_SQPage"/>
  <testcase name="loginSuccess" time="0.915" classname="tests.TC_SQPage"/>
</testsuite> <!-- tests.TC_SQPage -->
