<?xml version="1.0" encoding="UTF-8"?>
<!-- Generated by org.testng.reporters.JUnitReportReporter -->
<testsuite hostname="lnhua" name="tests.TC_LoginFail" tests="2" failures="0" timestamp="3 Sep 2019 10:15:14 GMT" time="13.637" errors="0">
  <testcase name="gotoWeb" time="5.549" classname="tests.TC_LoginFail"/>
  <testcase name="loginFail" time="8.088" classname="tests.TC_LoginFail"/>
</testsuite> <!-- tests.TC_LoginFail -->
