<?xml version="1.0" encoding="UTF-8"?>
<!-- Generated by org.testng.reporters.JUnitReportReporter -->
<testsuite hostname="lnhua" name="tests.TC_Login" tests="2" failures="0" timestamp="3 Sep 2019 09:23:01 GMT" time="13.214" errors="0">
  <testcase name="loginFail" time="0.357" classname="tests.TC_Login"/>
  <testcase name="gotoWeb" time="12.857" classname="tests.TC_Login"/>
</testsuite> <!-- tests.TC_Login -->
